<?xml version="1.0" encoding="UTF-8"?>
<testsuite xmlns:xsi="http://www.w3.org/2001/XMLSchema-instance" xsi:noNamespaceSchemaLocation="https://maven.apache.org/surefire/maven-surefire-plugin/xsd/surefire-test-report.xsd" name="com.zalander.app.AppTest" time="0.15" tests="1" errors="0" skipped="0" failures="0">
  <properties>
    <property name="java.specification.version" value="19"/>
    <property name="sun.cpu.isalist" value="amd64"/>
    <property name="sun.jnu.encoding" value="Cp1252"/>
    <property name="java.class.path" value="C:\Users\User\Documents\the jaka\good-apple!!!\target\test-classes;C:\Users\User\Documents\the jaka\good-apple!!!\target\classes;C:\Users\User\.m2\repository\junit\junit\4.11\junit-4.11.jar;C:\Users\User\.m2\repository\org\hamcrest\hamcrest-core\1.3\hamcrest-core-1.3.jar;C:\Users\User\.m2\repository\org\bytedeco\javacv-platform\1.5.8\javacv-platform-1.5.8.jar;C:\Users\User\.m2\repository\org\bytedeco\javacv\1.5.8\javacv-1.5.8.jar;C:\Users\User\.m2\repository\org\bytedeco\javacpp\1.5.8\javacpp-1.5.8.jar;C:\Users\User\.m2\repository\org\bytedeco\openblas\0.3.21-1.5.8\openblas-0.3.21-1.5.8.jar;C:\Users\User\.m2\repository\org\bytedeco\opencv\4.6.0-1.5.8\opencv-4.6.0-1.5.8.jar;C:\Users\User\.m2\repository\org\bytedeco\ffmpeg\5.1.2-1.5.8\ffmpeg-5.1.2-1.5.8.jar;C:\Users\User\.m2\repository\org\bytedeco\flycapture\2.13.3.31-1.5.8\flycapture-2.13.3.31-1.5.8.jar;C:\Users\User\.m2\repository\org\bytedeco\libdc1394\2.2.6-1.5.8\libdc1394-2.2.6-1.5.8.jar;C:\Users\User\.m2\repository\org\bytedeco\libfreenect\0.5.7-1.5.8\libfreenect-0.5.7-1.5.8.jar;C:\Users\User\.m2\repository\org\bytedeco\libfreenect2\0.2.0-1.5.8\libfreenect2-0.2.0-1.5.8.jar;C:\Users\User\.m2\repository\org\bytedeco\librealsense\1.12.4-1.5.8\librealsense-1.12.4-1.5.8.jar;C:\Users\User\.m2\repository\org\bytedeco\librealsense2\2.50.0-1.5.8\librealsense2-2.50.0-1.5.8.jar;C:\Users\User\.m2\repository\org\bytedeco\videoinput\0.200-1.5.8\videoinput-0.200-1.5.8.jar;C:\Users\User\.m2\repository\org\bytedeco\artoolkitplus\2.3.1-1.5.8\artoolkitplus-2.3.1-1.5.8.jar;C:\Users\User\.m2\repository\org\bytedeco\flandmark\1.07-1.5.8\flandmark-1.07-1.5.8.jar;C:\Users\User\.m2\repository\org\bytedeco\leptonica\1.82.0-1.5.8\leptonica-1.82.0-1.5.8.jar;C:\Users\User\.m2\repository\org\bytedeco\tesseract\5.2.0-1.5.8\tesseract-5.2.0-1.5.8.jar;C:\Users\User\.m2\repository\org\bytedeco\openblas-platform\0.3.21-1.5.8\openblas-platform-0.3.21-1.5.8.jar;C:\Users\User\.m2\repository\org\bytedeco\javacpp-platform\1.5.8\javacpp-platform-1.5.8.jar;C:\Users\User\.m2\repository\org\bytedeco\javacpp\1.5.8\javacpp-1.5.8-android-arm.jar;C:\Users\User\.m2\repository\org\bytedeco\javacpp\1.5.8\javacpp-1.5.8-android-arm64.jar;C:\Users\User\.m2\repository\org\bytedeco\javacpp\1.5.8\javacpp-1.5.8-android-x86.jar;C:\Users\User\.m2\repository\org\bytedeco\javacpp\1.5.8\javacpp-1.5.8-android-x86_64.jar;C:\Users\User\.m2\repository\org\bytedeco\javacpp\1.5.8\javacpp-1.5.8-ios-arm64.jar;C:\Users\User\.m2\repository\org\bytedeco\javacpp\1.5.8\javacpp-1.5.8-ios-x86_64.jar;C:\Users\User\.m2\repository\org\bytedeco\javacpp\1.5.8\javacpp-1.5.8-linux-armhf.jar;C:\Users\User\.m2\repository\org\bytedeco\javacpp\1.5.8\javacpp-1.5.8-linux-arm64.jar;C:\Users\User\.m2\repository\org\bytedeco\javacpp\1.5.8\javacpp-1.5.8-linux-ppc64le.jar;C:\Users\User\.m2\repository\org\bytedeco\javacpp\1.5.8\javacpp-1.5.8-linux-x86.jar;C:\Users\User\.m2\repository\org\bytedeco\javacpp\1.5.8\javacpp-1.5.8-linux-x86_64.jar;C:\Users\User\.m2\repository\org\bytedeco\javacpp\1.5.8\javacpp-1.5.8-macosx-arm64.jar;C:\Users\User\.m2\repository\org\bytedeco\javacpp\1.5.8\javacpp-1.5.8-macosx-x86_64.jar;C:\Users\User\.m2\repository\org\bytedeco\javacpp\1.5.8\javacpp-1.5.8-windows-x86.jar;C:\Users\User\.m2\repository\org\bytedeco\javacpp\1.5.8\javacpp-1.5.8-windows-x86_64.jar;C:\Users\User\.m2\repository\org\bytedeco\openblas\0.3.21-1.5.8\openblas-0.3.21-1.5.8-android-arm.jar;C:\Users\User\.m2\repository\org\bytedeco\openblas\0.3.21-1.5.8\openblas-0.3.21-1.5.8-android-arm64.jar;C:\Users\User\.m2\repository\org\bytedeco\openblas\0.3.21-1.5.8\openblas-0.3.21-1.5.8-android-x86.jar;C:\Users\User\.m2\repository\org\bytedeco\openblas\0.3.21-1.5.8\openblas-0.3.21-1.5.8-android-x86_64.jar;C:\Users\User\.m2\repository\org\bytedeco\openblas\0.3.21-1.5.8\openblas-0.3.21-1.5.8-ios-arm64.jar;C:\Users\User\.m2\repository\org\bytedeco\openblas\0.3.21-1.5.8\openblas-0.3.21-1.5.8-ios-x86_64.jar;C:\Users\User\.m2\repository\org\bytedeco\openblas\0.3.21-1.5.8\openblas-0.3.21-1.5.8-linux-x86.jar;C:\Users\User\.m2\repository\org\bytedeco\openblas\0.3.21-1.5.8\openblas-0.3.21-1.5.8-linux-x86_64.jar;C:\Users\User\.m2\repository\org\bytedeco\openblas\0.3.21-1.5.8\openblas-0.3.21-1.5.8-linux-armhf.jar;C:\Users\User\.m2\repository\org\bytedeco\openblas\0.3.21-1.5.8\openblas-0.3.21-1.5.8-linux-arm64.jar;C:\Users\User\.m2\repository\org\bytedeco\openblas\0.3.21-1.5.8\openblas-0.3.21-1.5.8-linux-ppc64le.jar;C:\Users\User\.m2\repository\org\bytedeco\openblas\0.3.21-1.5.8\openblas-0.3.21-1.5.8-macosx-arm64.jar;C:\Users\User\.m2\repository\org\bytedeco\openblas\0.3.21-1.5.8\openblas-0.3.21-1.5.8-macosx-x86_64.jar;C:\Users\User\.m2\repository\org\bytedeco\openblas\0.3.21-1.5.8\openblas-0.3.21-1.5.8-windows-x86.jar;C:\Users\User\.m2\repository\org\bytedeco\openblas\0.3.21-1.5.8\openblas-0.3.21-1.5.8-windows-x86_64.jar;C:\Users\User\.m2\repository\org\bytedeco\opencv-platform\4.6.0-1.5.8\opencv-platform-4.6.0-1.5.8.jar;C:\Users\User\.m2\repository\org\bytedeco\opencv\4.6.0-1.5.8\opencv-4.6.0-1.5.8-android-arm.jar;C:\Users\User\.m2\repository\org\bytedeco\opencv\4.6.0-1.5.8\opencv-4.6.0-1.5.8-android-arm64.jar;C:\Users\User\.m2\repository\org\bytedeco\opencv\4.6.0-1.5.8\opencv-4.6.0-1.5.8-android-x86.jar;C:\Users\User\.m2\repository\org\bytedeco\opencv\4.6.0-1.5.8\opencv-4.6.0-1.5.8-android-x86_64.jar;C:\Users\User\.m2\repository\org\bytedeco\opencv\4.6.0-1.5.8\opencv-4.6.0-1.5.8-ios-arm64.jar;C:\Users\User\.m2\repository\org\bytedeco\opencv\4.6.0-1.5.8\opencv-4.6.0-1.5.8-ios-x86_64.jar;C:\Users\User\.m2\repository\org\bytedeco\opencv\4.6.0-1.5.8\opencv-4.6.0-1.5.8-linux-x86.jar;C:\Users\User\.m2\repository\org\bytedeco\opencv\4.6.0-1.5.8\opencv-4.6.0-1.5.8-linux-x86_64.jar;C:\Users\User\.m2\repository\org\bytedeco\opencv\4.6.0-1.5.8\opencv-4.6.0-1.5.8-linux-armhf.jar;C:\Users\User\.m2\repository\org\bytedeco\opencv\4.6.0-1.5.8\opencv-4.6.0-1.5.8-linux-arm64.jar;C:\Users\User\.m2\repository\org\bytedeco\opencv\4.6.0-1.5.8\opencv-4.6.0-1.5.8-linux-ppc64le.jar;C:\Users\User\.m2\repository\org\bytedeco\opencv\4.6.0-1.5.8\opencv-4.6.0-1.5.8-macosx-arm64.jar;C:\Users\User\.m2\repository\org\bytedeco\opencv\4.6.0-1.5.8\opencv-4.6.0-1.5.8-macosx-x86_64.jar;C:\Users\User\.m2\repository\org\bytedeco\opencv\4.6.0-1.5.8\opencv-4.6.0-1.5.8-windows-x86.jar;C:\Users\User\.m2\repository\org\bytedeco\opencv\4.6.0-1.5.8\opencv-4.6.0-1.5.8-windows-x86_64.jar;C:\Users\User\.m2\repository\org\bytedeco\ffmpeg-platform\5.1.2-1.5.8\ffmpeg-platform-5.1.2-1.5.8.jar;C:\Users\User\.m2\repository\org\bytedeco\ffmpeg\5.1.2-1.5.8\ffmpeg-5.1.2-1.5.8-android-arm.jar;C:\Users\User\.m2\repository\org\bytedeco\ffmpeg\5.1.2-1.5.8\ffmpeg-5.1.2-1.5.8-android-arm64.jar;C:\Users\User\.m2\repository\org\bytedeco\ffmpeg\5.1.2-1.5.8\ffmpeg-5.1.2-1.5.8-android-x86.jar;C:\Users\User\.m2\repository\org\bytedeco\ffmpeg\5.1.2-1.5.8\ffmpeg-5.1.2-1.5.8-android-x86_64.jar;C:\Users\User\.m2\repository\org\bytedeco\ffmpeg\5.1.2-1.5.8\ffmpeg-5.1.2-1.5.8-linux-x86.jar;C:\Users\User\.m2\repository\org\bytedeco\ffmpeg\5.1.2-1.5.8\ffmpeg-5.1.2-1.5.8-linux-x86_64.jar;C:\Users\User\.m2\repository\org\bytedeco\ffmpeg\5.1.2-1.5.8\ffmpeg-5.1.2-1.5.8-linux-armhf.jar;C:\Users\User\.m2\repository\org\bytedeco\ffmpeg\5.1.2-1.5.8\ffmpeg-5.1.2-1.5.8-linux-arm64.jar;C:\Users\User\.m2\repository\org\bytedeco\ffmpeg\5.1.2-1.5.8\ffmpeg-5.1.2-1.5.8-linux-ppc64le.jar;C:\Users\User\.m2\repository\org\bytedeco\ffmpeg\5.1.2-1.5.8\ffmpeg-5.1.2-1.5.8-macosx-arm64.jar;C:\Users\User\.m2\repository\org\bytedeco\ffmpeg\5.1.2-1.5.8\ffmpeg-5.1.2-1.5.8-macosx-x86_64.jar;C:\Users\User\.m2\repository\org\bytedeco\ffmpeg\5.1.2-1.5.8\ffmpeg-5.1.2-1.5.8-windows-x86.jar;C:\Users\User\.m2\repository\org\bytedeco\ffmpeg\5.1.2-1.5.8\ffmpeg-5.1.2-1.5.8-windows-x86_64.jar;C:\Users\User\.m2\repository\org\bytedeco\flycapture-platform\2.13.3.31-1.5.8\flycapture-platform-2.13.3.31-1.5.8.jar;C:\Users\User\.m2\repository\org\bytedeco\flycapture\2.13.3.31-1.5.8\flycapture-2.13.3.31-1.5.8-linux-x86.jar;C:\Users\User\.m2\repository\org\bytedeco\flycapture\2.13.3.31-1.5.8\flycapture-2.13.3.31-1.5.8-linux-x86_64.jar;C:\Users\User\.m2\repository\org\bytedeco\flycapture\2.13.3.31-1.5.8\flycapture-2.13.3.31-1.5.8-linux-armhf.jar;C:\Users\User\.m2\repository\org\bytedeco\flycapture\2.13.3.31-1.5.8\flycapture-2.13.3.31-1.5.8-linux-arm64.jar;C:\Users\User\.m2\repository\org\bytedeco\flycapture\2.13.3.31-1.5.8\flycapture-2.13.3.31-1.5.8-windows-x86.jar;C:\Users\User\.m2\repository\org\bytedeco\flycapture\2.13.3.31-1.5.8\flycapture-2.13.3.31-1.5.8-windows-x86_64.jar;C:\Users\User\.m2\repository\org\bytedeco\libdc1394-platform\2.2.6-1.5.8\libdc1394-platform-2.2.6-1.5.8.jar;C:\Users\User\.m2\repository\org\bytedeco\libdc1394\2.2.6-1.5.8\libdc1394-2.2.6-1.5.8-linux-x86.jar;C:\Users\User\.m2\repository\org\bytedeco\libdc1394\2.2.6-1.5.8\libdc1394-2.2.6-1.5.8-linux-x86_64.jar;C:\Users\User\.m2\repository\org\bytedeco\libdc1394\2.2.6-1.5.8\libdc1394-2.2.6-1.5.8-linux-armhf.jar;C:\Users\User\.m2\repository\org\bytedeco\libdc1394\2.2.6-1.5.8\libdc1394-2.2.6-1.5.8-linux-arm64.jar;C:\Users\User\.m2\repository\org\bytedeco\libdc1394\2.2.6-1.5.8\libdc1394-2.2.6-1.5.8-linux-ppc64le.jar;C:\Users\User\.m2\repository\org\bytedeco\libdc1394\2.2.6-1.5.8\libdc1394-2.2.6-1.5.8-macosx-x86_64.jar;C:\Users\User\.m2\repository\org\bytedeco\libdc1394\2.2.6-1.5.8\libdc1394-2.2.6-1.5.8-windows-x86.jar;C:\Users\User\.m2\repository\org\bytedeco\libdc1394\2.2.6-1.5.8\libdc1394-2.2.6-1.5.8-windows-x86_64.jar;C:\Users\User\.m2\repository\org\bytedeco\libfreenect-platform\0.5.7-1.5.8\libfreenect-platform-0.5.7-1.5.8.jar;C:\Users\User\.m2\repository\org\bytedeco\libfreenect\0.5.7-1.5.8\libfreenect-0.5.7-1.5.8-linux-x86.jar;C:\Users\User\.m2\repository\org\bytedeco\libfreenect\0.5.7-1.5.8\libfreenect-0.5.7-1.5.8-linux-x86_64.jar;C:\Users\User\.m2\repository\org\bytedeco\libfreenect\0.5.7-1.5.8\libfreenect-0.5.7-1.5.8-linux-armhf.jar;C:\Users\User\.m2\repository\org\bytedeco\libfreenect\0.5.7-1.5.8\libfreenect-0.5.7-1.5.8-linux-arm64.jar;C:\Users\User\.m2\repository\org\bytedeco\libfreenect\0.5.7-1.5.8\libfreenect-0.5.7-1.5.8-linux-ppc64le.jar;C:\Users\User\.m2\repository\org\bytedeco\libfreenect\0.5.7-1.5.8\libfreenect-0.5.7-1.5.8-macosx-x86_64.jar;C:\Users\User\.m2\repository\org\bytedeco\libfreenect\0.5.7-1.5.8\libfreenect-0.5.7-1.5.8-windows-x86.jar;C:\Users\User\.m2\repository\org\bytedeco\libfreenect\0.5.7-1.5.8\libfreenect-0.5.7-1.5.8-windows-x86_64.jar;C:\Users\User\.m2\repository\org\bytedeco\libfreenect2-platform\0.2.0-1.5.8\libfreenect2-platform-0.2.0-1.5.8.jar;C:\Users\User\.m2\repository\org\bytedeco\libfreenect2\0.2.0-1.5.8\libfreenect2-0.2.0-1.5.8-linux-x86.jar;C:\Users\User\.m2\repository\org\bytedeco\libfreenect2\0.2.0-1.5.8\libfreenect2-0.2.0-1.5.8-linux-x86_64.jar;C:\Users\User\.m2\repository\org\bytedeco\libfreenect2\0.2.0-1.5.8\libfreenect2-0.2.0-1.5.8-macosx-x86_64.jar;C:\Users\User\.m2\repository\org\bytedeco\libfreenect2\0.2.0-1.5.8\libfreenect2-0.2.0-1.5.8-windows-x86_64.jar;C:\Users\User\.m2\repository\org\bytedeco\librealsense-platform\1.12.4-1.5.8\librealsense-platform-1.12.4-1.5.8.jar;C:\Users\User\.m2\repository\org\bytedeco\librealsense\1.12.4-1.5.8\librealsense-1.12.4-1.5.8-linux-armhf.jar;C:\Users\User\.m2\repository\org\bytedeco\librealsense\1.12.4-1.5.8\librealsense-1.12.4-1.5.8-linux-arm64.jar;C:\Users\User\.m2\repository\org\bytedeco\librealsense\1.12.4-1.5.8\librealsense-1.12.4-1.5.8-linux-x86.jar;C:\Users\User\.m2\repository\org\bytedeco\librealsense\1.12.4-1.5.8\librealsense-1.12.4-1.5.8-linux-x86_64.jar;C:\Users\User\.m2\repository\org\bytedeco\librealsense\1.12.4-1.5.8\librealsense-1.12.4-1.5.8-macosx-x86_64.jar;C:\Users\User\.m2\repository\org\bytedeco\librealsense\1.12.4-1.5.8\librealsense-1.12.4-1.5.8-windows-x86.jar;C:\Users\User\.m2\repository\org\bytedeco\librealsense\1.12.4-1.5.8\librealsense-1.12.4-1.5.8-windows-x86_64.jar;C:\Users\User\.m2\repository\org\bytedeco\librealsense2-platform\2.50.0-1.5.8\librealsense2-platform-2.50.0-1.5.8.jar;C:\Users\User\.m2\repository\org\bytedeco\librealsense2\2.50.0-1.5.8\librealsense2-2.50.0-1.5.8-linux-armhf.jar;C:\Users\User\.m2\repository\org\bytedeco\librealsense2\2.50.0-1.5.8\librealsense2-2.50.0-1.5.8-linux-arm64.jar;C:\Users\User\.m2\repository\org\bytedeco\librealsense2\2.50.0-1.5.8\librealsense2-2.50.0-1.5.8-linux-x86.jar;C:\Users\User\.m2\repository\org\bytedeco\librealsense2\2.50.0-1.5.8\librealsense2-2.50.0-1.5.8-linux-x86_64.jar;C:\Users\User\.m2\repository\org\bytedeco\librealsense2\2.50.0-1.5.8\librealsense2-2.50.0-1.5.8-macosx-x86_64.jar;C:\Users\User\.m2\repository\org\bytedeco\librealsense2\2.50.0-1.5.8\librealsense2-2.50.0-1.5.8-windows-x86.jar;C:\Users\User\.m2\repository\org\bytedeco\librealsense2\2.50.0-1.5.8\librealsense2-2.50.0-1.5.8-windows-x86_64.jar;C:\Users\User\.m2\repository\org\bytedeco\videoinput-platform\0.200-1.5.8\videoinput-platform-0.200-1.5.8.jar;C:\Users\User\.m2\repository\org\bytedeco\videoinput\0.200-1.5.8\videoinput-0.200-1.5.8-windows-x86.jar;C:\Users\User\.m2\repository\org\bytedeco\videoinput\0.200-1.5.8\videoinput-0.200-1.5.8-windows-x86_64.jar;C:\Users\User\.m2\repository\org\bytedeco\artoolkitplus-platform\2.3.1-1.5.8\artoolkitplus-platform-2.3.1-1.5.8.jar;C:\Users\User\.m2\repository\org\bytedeco\artoolkitplus\2.3.1-1.5.8\artoolkitplus-2.3.1-1.5.8-android-arm.jar;C:\Users\User\.m2\repository\org\bytedeco\artoolkitplus\2.3.1-1.5.8\artoolkitplus-2.3.1-1.5.8-android-arm64.jar;C:\Users\User\.m2\repository\org\bytedeco\artoolkitplus\2.3.1-1.5.8\artoolkitplus-2.3.1-1.5.8-android-x86.jar;C:\Users\User\.m2\repository\org\bytedeco\artoolkitplus\2.3.1-1.5.8\artoolkitplus-2.3.1-1.5.8-android-x86_64.jar;C:\Users\User\.m2\repository\org\bytedeco\artoolkitplus\2.3.1-1.5.8\artoolkitplus-2.3.1-1.5.8-linux-x86.jar;C:\Users\User\.m2\repository\org\bytedeco\artoolkitplus\2.3.1-1.5.8\artoolkitplus-2.3.1-1.5.8-linux-x86_64.jar;C:\Users\User\.m2\repository\org\bytedeco\artoolkitplus\2.3.1-1.5.8\artoolkitplus-2.3.1-1.5.8-linux-armhf.jar;C:\Users\User\.m2\repository\org\bytedeco\artoolkitplus\2.3.1-1.5.8\artoolkitplus-2.3.1-1.5.8-linux-arm64.jar;C:\Users\User\.m2\repository\org\bytedeco\artoolkitplus\2.3.1-1.5.8\artoolkitplus-2.3.1-1.5.8-linux-ppc64le.jar;C:\Users\User\.m2\repository\org\bytedeco\artoolkitplus\2.3.1-1.5.8\artoolkitplus-2.3.1-1.5.8-macosx-x86_64.jar;C:\Users\User\.m2\repository\org\bytedeco\artoolkitplus\2.3.1-1.5.8\artoolkitplus-2.3.1-1.5.8-windows-x86.jar;C:\Users\User\.m2\repository\org\bytedeco\artoolkitplus\2.3.1-1.5.8\artoolkitplus-2.3.1-1.5.8-windows-x86_64.jar;C:\Users\User\.m2\repository\org\bytedeco\flandmark-platform\1.07-1.5.8\flandmark-platform-1.07-1.5.8.jar;C:\Users\User\.m2\repository\org\bytedeco\flandmark\1.07-1.5.8\flandmark-1.07-1.5.8-android-arm.jar;C:\Users\User\.m2\repository\org\bytedeco\flandmark\1.07-1.5.8\flandmark-1.07-1.5.8-android-arm64.jar;C:\Users\User\.m2\repository\org\bytedeco\flandmark\1.07-1.5.8\flandmark-1.07-1.5.8-android-x86.jar;C:\Users\User\.m2\repository\org\bytedeco\flandmark\1.07-1.5.8\flandmark-1.07-1.5.8-android-x86_64.jar;C:\Users\User\.m2\repository\org\bytedeco\flandmark\1.07-1.5.8\flandmark-1.07-1.5.8-linux-x86.jar;C:\Users\User\.m2\repository\org\bytedeco\flandmark\1.07-1.5.8\flandmark-1.07-1.5.8-linux-x86_64.jar;C:\Users\User\.m2\repository\org\bytedeco\flandmark\1.07-1.5.8\flandmark-1.07-1.5.8-linux-armhf.jar;C:\Users\User\.m2\repository\org\bytedeco\flandmark\1.07-1.5.8\flandmark-1.07-1.5.8-linux-arm64.jar;C:\Users\User\.m2\repository\org\bytedeco\flandmark\1.07-1.5.8\flandmark-1.07-1.5.8-linux-ppc64le.jar;C:\Users\User\.m2\repository\org\bytedeco\flandmark\1.07-1.5.8\flandmark-1.07-1.5.8-macosx-x86_64.jar;C:\Users\User\.m2\repository\org\bytedeco\flandmark\1.07-1.5.8\flandmark-1.07-1.5.8-windows-x86.jar;C:\Users\User\.m2\repository\org\bytedeco\flandmark\1.07-1.5.8\flandmark-1.07-1.5.8-windows-x86_64.jar;C:\Users\User\.m2\repository\org\bytedeco\leptonica-platform\1.82.0-1.5.8\leptonica-platform-1.82.0-1.5.8.jar;C:\Users\User\.m2\repository\org\bytedeco\leptonica\1.82.0-1.5.8\leptonica-1.82.0-1.5.8-android-arm.jar;C:\Users\User\.m2\repository\org\bytedeco\leptonica\1.82.0-1.5.8\leptonica-1.82.0-1.5.8-android-arm64.jar;C:\Users\User\.m2\repository\org\bytedeco\leptonica\1.82.0-1.5.8\leptonica-1.82.0-1.5.8-android-x86.jar;C:\Users\User\.m2\repository\org\bytedeco\leptonica\1.82.0-1.5.8\leptonica-1.82.0-1.5.8-android-x86_64.jar;C:\Users\User\.m2\repository\org\bytedeco\leptonica\1.82.0-1.5.8\leptonica-1.82.0-1.5.8-linux-x86.jar;C:\Users\User\.m2\repository\org\bytedeco\leptonica\1.82.0-1.5.8\leptonica-1.82.0-1.5.8-linux-x86_64.jar;C:\Users\User\.m2\repository\org\bytedeco\leptonica\1.82.0-1.5.8\leptonica-1.82.0-1.5.8-linux-armhf.jar;C:\Users\User\.m2\repository\org\bytedeco\leptonica\1.82.0-1.5.8\leptonica-1.82.0-1.5.8-linux-arm64.jar;C:\Users\User\.m2\repository\org\bytedeco\leptonica\1.82.0-1.5.8\leptonica-1.82.0-1.5.8-linux-ppc64le.jar;C:\Users\User\.m2\repository\org\bytedeco\leptonica\1.82.0-1.5.8\leptonica-1.82.0-1.5.8-macosx-arm64.jar;C:\Users\User\.m2\repository\org\bytedeco\leptonica\1.82.0-1.5.8\leptonica-1.82.0-1.5.8-macosx-x86_64.jar;C:\Users\User\.m2\repository\org\bytedeco\leptonica\1.82.0-1.5.8\leptonica-1.82.0-1.5.8-windows-x86.jar;C:\Users\User\.m2\repository\org\bytedeco\leptonica\1.82.0-1.5.8\leptonica-1.82.0-1.5.8-windows-x86_64.jar;C:\Users\User\.m2\repository\org\bytedeco\tesseract-platform\5.2.0-1.5.8\tesseract-platform-5.2.0-1.5.8.jar;C:\Users\User\.m2\repository\org\bytedeco\tesseract\5.2.0-1.5.8\tesseract-5.2.0-1.5.8-android-arm.jar;C:\Users\User\.m2\repository\org\bytedeco\tesseract\5.2.0-1.5.8\tesseract-5.2.0-1.5.8-android-arm64.jar;C:\Users\User\.m2\repository\org\bytedeco\tesseract\5.2.0-1.5.8\tesseract-5.2.0-1.5.8-android-x86.jar;C:\Users\User\.m2\repository\org\bytedeco\tesseract\5.2.0-1.5.8\tesseract-5.2.0-1.5.8-android-x86_64.jar;C:\Users\User\.m2\repository\org\bytedeco\tesseract\5.2.0-1.5.8\tesseract-5.2.0-1.5.8-linux-x86.jar;C:\Users\User\.m2\repository\org\bytedeco\tesseract\5.2.0-1.5.8\tesseract-5.2.0-1.5.8-linux-x86_64.jar;C:\Users\User\.m2\repository\org\bytedeco\tesseract\5.2.0-1.5.8\tesseract-5.2.0-1.5.8-linux-armhf.jar;C:\Users\User\.m2\repository\org\bytedeco\tesseract\5.2.0-1.5.8\tesseract-5.2.0-1.5.8-linux-arm64.jar;C:\Users\User\.m2\repository\org\bytedeco\tesseract\5.2.0-1.5.8\tesseract-5.2.0-1.5.8-linux-ppc64le.jar;C:\Users\User\.m2\repository\org\bytedeco\tesseract\5.2.0-1.5.8\tesseract-5.2.0-1.5.8-macosx-arm64.jar;C:\Users\User\.m2\repository\org\bytedeco\tesseract\5.2.0-1.5.8\tesseract-5.2.0-1.5.8-macosx-x86_64.jar;C:\Users\User\.m2\repository\org\bytedeco\tesseract\5.2.0-1.5.8\tesseract-5.2.0-1.5.8-windows-x86.jar;C:\Users\User\.m2\repository\org\bytedeco\tesseract\5.2.0-1.5.8\tesseract-5.2.0-1.5.8-windows-x86_64.jar;"/>
    <property name="java.vm.vendor" value="Oracle Corporation"/>
    <property name="sun.arch.data.model" value="64"/>
    <property name="user.variant" value=""/>
    <property name="java.vendor.url" value="https://java.oracle.com/"/>
    <property name="user.timezone" value="America/Los_Angeles"/>
    <property name="os.name" value="Windows 10"/>
    <property name="java.vm.specification.version" value="19"/>
    <property name="sun.java.launcher" value="SUN_STANDARD"/>
    <property name="user.country" value="US"/>
    <property name="sun.boot.library.path" value="C:\Program Files\Java\jdk-19\bin"/>
    <property name="sun.java.command" value="C:\Users\User\AppData\Local\Temp\surefire6244330212846036448\surefirebooter15062749235427326188.jar C:\Users\User\AppData\Local\Temp\surefire6244330212846036448 2022-11-08T16-04-51_837-jvmRun1 surefire20359725656860334tmp surefire_043063369434122762tmp"/>
    <property name="jdk.debug" value="release"/>
    <property name="surefire.test.class.path" value="C:\Users\User\Documents\the jaka\good-apple!!!\target\test-classes;C:\Users\User\Documents\the jaka\good-apple!!!\target\classes;C:\Users\User\.m2\repository\junit\junit\4.11\junit-4.11.jar;C:\Users\User\.m2\repository\org\hamcrest\hamcrest-core\1.3\hamcrest-core-1.3.jar;C:\Users\User\.m2\repository\org\bytedeco\javacv-platform\1.5.8\javacv-platform-1.5.8.jar;C:\Users\User\.m2\repository\org\bytedeco\javacv\1.5.8\javacv-1.5.8.jar;C:\Users\User\.m2\repository\org\bytedeco\javacpp\1.5.8\javacpp-1.5.8.jar;C:\Users\User\.m2\repository\org\bytedeco\openblas\0.3.21-1.5.8\openblas-0.3.21-1.5.8.jar;C:\Users\User\.m2\repository\org\bytedeco\opencv\4.6.0-1.5.8\opencv-4.6.0-1.5.8.jar;C:\Users\User\.m2\repository\org\bytedeco\ffmpeg\5.1.2-1.5.8\ffmpeg-5.1.2-1.5.8.jar;C:\Users\User\.m2\repository\org\bytedeco\flycapture\2.13.3.31-1.5.8\flycapture-2.13.3.31-1.5.8.jar;C:\Users\User\.m2\repository\org\bytedeco\libdc1394\2.2.6-1.5.8\libdc1394-2.2.6-1.5.8.jar;C:\Users\User\.m2\repository\org\bytedeco\libfreenect\0.5.7-1.5.8\libfreenect-0.5.7-1.5.8.jar;C:\Users\User\.m2\repository\org\bytedeco\libfreenect2\0.2.0-1.5.8\libfreenect2-0.2.0-1.5.8.jar;C:\Users\User\.m2\repository\org\bytedeco\librealsense\1.12.4-1.5.8\librealsense-1.12.4-1.5.8.jar;C:\Users\User\.m2\repository\org\bytedeco\librealsense2\2.50.0-1.5.8\librealsense2-2.50.0-1.5.8.jar;C:\Users\User\.m2\repository\org\bytedeco\videoinput\0.200-1.5.8\videoinput-0.200-1.5.8.jar;C:\Users\User\.m2\repository\org\bytedeco\artoolkitplus\2.3.1-1.5.8\artoolkitplus-2.3.1-1.5.8.jar;C:\Users\User\.m2\repository\org\bytedeco\flandmark\1.07-1.5.8\flandmark-1.07-1.5.8.jar;C:\Users\User\.m2\repository\org\bytedeco\leptonica\1.82.0-1.5.8\leptonica-1.82.0-1.5.8.jar;C:\Users\User\.m2\repository\org\bytedeco\tesseract\5.2.0-1.5.8\tesseract-5.2.0-1.5.8.jar;C:\Users\User\.m2\repository\org\bytedeco\openblas-platform\0.3.21-1.5.8\openblas-platform-0.3.21-1.5.8.jar;C:\Users\User\.m2\repository\org\bytedeco\javacpp-platform\1.5.8\javacpp-platform-1.5.8.jar;C:\Users\User\.m2\repository\org\bytedeco\javacpp\1.5.8\javacpp-1.5.8-android-arm.jar;C:\Users\User\.m2\repository\org\bytedeco\javacpp\1.5.8\javacpp-1.5.8-android-arm64.jar;C:\Users\User\.m2\repository\org\bytedeco\javacpp\1.5.8\javacpp-1.5.8-android-x86.jar;C:\Users\User\.m2\repository\org\bytedeco\javacpp\1.5.8\javacpp-1.5.8-android-x86_64.jar;C:\Users\User\.m2\repository\org\bytedeco\javacpp\1.5.8\javacpp-1.5.8-ios-arm64.jar;C:\Users\User\.m2\repository\org\bytedeco\javacpp\1.5.8\javacpp-1.5.8-ios-x86_64.jar;C:\Users\User\.m2\repository\org\bytedeco\javacpp\1.5.8\javacpp-1.5.8-linux-armhf.jar;C:\Users\User\.m2\repository\org\bytedeco\javacpp\1.5.8\javacpp-1.5.8-linux-arm64.jar;C:\Users\User\.m2\repository\org\bytedeco\javacpp\1.5.8\javacpp-1.5.8-linux-ppc64le.jar;C:\Users\User\.m2\repository\org\bytedeco\javacpp\1.5.8\javacpp-1.5.8-linux-x86.jar;C:\Users\User\.m2\repository\org\bytedeco\javacpp\1.5.8\javacpp-1.5.8-linux-x86_64.jar;C:\Users\User\.m2\repository\org\bytedeco\javacpp\1.5.8\javacpp-1.5.8-macosx-arm64.jar;C:\Users\User\.m2\repository\org\bytedeco\javacpp\1.5.8\javacpp-1.5.8-macosx-x86_64.jar;C:\Users\User\.m2\repository\org\bytedeco\javacpp\1.5.8\javacpp-1.5.8-windows-x86.jar;C:\Users\User\.m2\repository\org\bytedeco\javacpp\1.5.8\javacpp-1.5.8-windows-x86_64.jar;C:\Users\User\.m2\repository\org\bytedeco\openblas\0.3.21-1.5.8\openblas-0.3.21-1.5.8-android-arm.jar;C:\Users\User\.m2\repository\org\bytedeco\openblas\0.3.21-1.5.8\openblas-0.3.21-1.5.8-android-arm64.jar;C:\Users\User\.m2\repository\org\bytedeco\openblas\0.3.21-1.5.8\openblas-0.3.21-1.5.8-android-x86.jar;C:\Users\User\.m2\repository\org\bytedeco\openblas\0.3.21-1.5.8\openblas-0.3.21-1.5.8-android-x86_64.jar;C:\Users\User\.m2\repository\org\bytedeco\openblas\0.3.21-1.5.8\openblas-0.3.21-1.5.8-ios-arm64.jar;C:\Users\User\.m2\repository\org\bytedeco\openblas\0.3.21-1.5.8\openblas-0.3.21-1.5.8-ios-x86_64.jar;C:\Users\User\.m2\repository\org\bytedeco\openblas\0.3.21-1.5.8\openblas-0.3.21-1.5.8-linux-x86.jar;C:\Users\User\.m2\repository\org\bytedeco\openblas\0.3.21-1.5.8\openblas-0.3.21-1.5.8-linux-x86_64.jar;C:\Users\User\.m2\repository\org\bytedeco\openblas\0.3.21-1.5.8\openblas-0.3.21-1.5.8-linux-armhf.jar;C:\Users\User\.m2\repository\org\bytedeco\openblas\0.3.21-1.5.8\openblas-0.3.21-1.5.8-linux-arm64.jar;C:\Users\User\.m2\repository\org\bytedeco\openblas\0.3.21-1.5.8\openblas-0.3.21-1.5.8-linux-ppc64le.jar;C:\Users\User\.m2\repository\org\bytedeco\openblas\0.3.21-1.5.8\openblas-0.3.21-1.5.8-macosx-arm64.jar;C:\Users\User\.m2\repository\org\bytedeco\openblas\0.3.21-1.5.8\openblas-0.3.21-1.5.8-macosx-x86_64.jar;C:\Users\User\.m2\repository\org\bytedeco\openblas\0.3.21-1.5.8\openblas-0.3.21-1.5.8-windows-x86.jar;C:\Users\User\.m2\repository\org\bytedeco\openblas\0.3.21-1.5.8\openblas-0.3.21-1.5.8-windows-x86_64.jar;C:\Users\User\.m2\repository\org\bytedeco\opencv-platform\4.6.0-1.5.8\opencv-platform-4.6.0-1.5.8.jar;C:\Users\User\.m2\repository\org\bytedeco\opencv\4.6.0-1.5.8\opencv-4.6.0-1.5.8-android-arm.jar;C:\Users\User\.m2\repository\org\bytedeco\opencv\4.6.0-1.5.8\opencv-4.6.0-1.5.8-android-arm64.jar;C:\Users\User\.m2\repository\org\bytedeco\opencv\4.6.0-1.5.8\opencv-4.6.0-1.5.8-android-x86.jar;C:\Users\User\.m2\repository\org\bytedeco\opencv\4.6.0-1.5.8\opencv-4.6.0-1.5.8-android-x86_64.jar;C:\Users\User\.m2\repository\org\bytedeco\opencv\4.6.0-1.5.8\opencv-4.6.0-1.5.8-ios-arm64.jar;C:\Users\User\.m2\repository\org\bytedeco\opencv\4.6.0-1.5.8\opencv-4.6.0-1.5.8-ios-x86_64.jar;C:\Users\User\.m2\repository\org\bytedeco\opencv\4.6.0-1.5.8\opencv-4.6.0-1.5.8-linux-x86.jar;C:\Users\User\.m2\repository\org\bytedeco\opencv\4.6.0-1.5.8\opencv-4.6.0-1.5.8-linux-x86_64.jar;C:\Users\User\.m2\repository\org\bytedeco\opencv\4.6.0-1.5.8\opencv-4.6.0-1.5.8-linux-armhf.jar;C:\Users\User\.m2\repository\org\bytedeco\opencv\4.6.0-1.5.8\opencv-4.6.0-1.5.8-linux-arm64.jar;C:\Users\User\.m2\repository\org\bytedeco\opencv\4.6.0-1.5.8\opencv-4.6.0-1.5.8-linux-ppc64le.jar;C:\Users\User\.m2\repository\org\bytedeco\opencv\4.6.0-1.5.8\opencv-4.6.0-1.5.8-macosx-arm64.jar;C:\Users\User\.m2\repository\org\bytedeco\opencv\4.6.0-1.5.8\opencv-4.6.0-1.5.8-macosx-x86_64.jar;C:\Users\User\.m2\repository\org\bytedeco\opencv\4.6.0-1.5.8\opencv-4.6.0-1.5.8-windows-x86.jar;C:\Users\User\.m2\repository\org\bytedeco\opencv\4.6.0-1.5.8\opencv-4.6.0-1.5.8-windows-x86_64.jar;C:\Users\User\.m2\repository\org\bytedeco\ffmpeg-platform\5.1.2-1.5.8\ffmpeg-platform-5.1.2-1.5.8.jar;C:\Users\User\.m2\repository\org\bytedeco\ffmpeg\5.1.2-1.5.8\ffmpeg-5.1.2-1.5.8-android-arm.jar;C:\Users\User\.m2\repository\org\bytedeco\ffmpeg\5.1.2-1.5.8\ffmpeg-5.1.2-1.5.8-android-arm64.jar;C:\Users\User\.m2\repository\org\bytedeco\ffmpeg\5.1.2-1.5.8\ffmpeg-5.1.2-1.5.8-android-x86.jar;C:\Users\User\.m2\repository\org\bytedeco\ffmpeg\5.1.2-1.5.8\ffmpeg-5.1.2-1.5.8-android-x86_64.jar;C:\Users\User\.m2\repository\org\bytedeco\ffmpeg\5.1.2-1.5.8\ffmpeg-5.1.2-1.5.8-linux-x86.jar;C:\Users\User\.m2\repository\org\bytedeco\ffmpeg\5.1.2-1.5.8\ffmpeg-5.1.2-1.5.8-linux-x86_64.jar;C:\Users\User\.m2\repository\org\bytedeco\ffmpeg\5.1.2-1.5.8\ffmpeg-5.1.2-1.5.8-linux-armhf.jar;C:\Users\User\.m2\repository\org\bytedeco\ffmpeg\5.1.2-1.5.8\ffmpeg-5.1.2-1.5.8-linux-arm64.jar;C:\Users\User\.m2\repository\org\bytedeco\ffmpeg\5.1.2-1.5.8\ffmpeg-5.1.2-1.5.8-linux-ppc64le.jar;C:\Users\User\.m2\repository\org\bytedeco\ffmpeg\5.1.2-1.5.8\ffmpeg-5.1.2-1.5.8-macosx-arm64.jar;C:\Users\User\.m2\repository\org\bytedeco\ffmpeg\5.1.2-1.5.8\ffmpeg-5.1.2-1.5.8-macosx-x86_64.jar;C:\Users\User\.m2\repository\org\bytedeco\ffmpeg\5.1.2-1.5.8\ffmpeg-5.1.2-1.5.8-windows-x86.jar;C:\Users\User\.m2\repository\org\bytedeco\ffmpeg\5.1.2-1.5.8\ffmpeg-5.1.2-1.5.8-windows-x86_64.jar;C:\Users\User\.m2\repository\org\bytedeco\flycapture-platform\2.13.3.31-1.5.8\flycapture-platform-2.13.3.31-1.5.8.jar;C:\Users\User\.m2\repository\org\bytedeco\flycapture\2.13.3.31-1.5.8\flycapture-2.13.3.31-1.5.8-linux-x86.jar;C:\Users\User\.m2\repository\org\bytedeco\flycapture\2.13.3.31-1.5.8\flycapture-2.13.3.31-1.5.8-linux-x86_64.jar;C:\Users\User\.m2\repository\org\bytedeco\flycapture\2.13.3.31-1.5.8\flycapture-2.13.3.31-1.5.8-linux-armhf.jar;C:\Users\User\.m2\repository\org\bytedeco\flycapture\2.13.3.31-1.5.8\flycapture-2.13.3.31-1.5.8-linux-arm64.jar;C:\Users\User\.m2\repository\org\bytedeco\flycapture\2.13.3.31-1.5.8\flycapture-2.13.3.31-1.5.8-windows-x86.jar;C:\Users\User\.m2\repository\org\bytedeco\flycapture\2.13.3.31-1.5.8\flycapture-2.13.3.31-1.5.8-windows-x86_64.jar;C:\Users\User\.m2\repository\org\bytedeco\libdc1394-platform\2.2.6-1.5.8\libdc1394-platform-2.2.6-1.5.8.jar;C:\Users\User\.m2\repository\org\bytedeco\libdc1394\2.2.6-1.5.8\libdc1394-2.2.6-1.5.8-linux-x86.jar;C:\Users\User\.m2\repository\org\bytedeco\libdc1394\2.2.6-1.5.8\libdc1394-2.2.6-1.5.8-linux-x86_64.jar;C:\Users\User\.m2\repository\org\bytedeco\libdc1394\2.2.6-1.5.8\libdc1394-2.2.6-1.5.8-linux-armhf.jar;C:\Users\User\.m2\repository\org\bytedeco\libdc1394\2.2.6-1.5.8\libdc1394-2.2.6-1.5.8-linux-arm64.jar;C:\Users\User\.m2\repository\org\bytedeco\libdc1394\2.2.6-1.5.8\libdc1394-2.2.6-1.5.8-linux-ppc64le.jar;C:\Users\User\.m2\repository\org\bytedeco\libdc1394\2.2.6-1.5.8\libdc1394-2.2.6-1.5.8-macosx-x86_64.jar;C:\Users\User\.m2\repository\org\bytedeco\libdc1394\2.2.6-1.5.8\libdc1394-2.2.6-1.5.8-windows-x86.jar;C:\Users\User\.m2\repository\org\bytedeco\libdc1394\2.2.6-1.5.8\libdc1394-2.2.6-1.5.8-windows-x86_64.jar;C:\Users\User\.m2\repository\org\bytedeco\libfreenect-platform\0.5.7-1.5.8\libfreenect-platform-0.5.7-1.5.8.jar;C:\Users\User\.m2\repository\org\bytedeco\libfreenect\0.5.7-1.5.8\libfreenect-0.5.7-1.5.8-linux-x86.jar;C:\Users\User\.m2\repository\org\bytedeco\libfreenect\0.5.7-1.5.8\libfreenect-0.5.7-1.5.8-linux-x86_64.jar;C:\Users\User\.m2\repository\org\bytedeco\libfreenect\0.5.7-1.5.8\libfreenect-0.5.7-1.5.8-linux-armhf.jar;C:\Users\User\.m2\repository\org\bytedeco\libfreenect\0.5.7-1.5.8\libfreenect-0.5.7-1.5.8-linux-arm64.jar;C:\Users\User\.m2\repository\org\bytedeco\libfreenect\0.5.7-1.5.8\libfreenect-0.5.7-1.5.8-linux-ppc64le.jar;C:\Users\User\.m2\repository\org\bytedeco\libfreenect\0.5.7-1.5.8\libfreenect-0.5.7-1.5.8-macosx-x86_64.jar;C:\Users\User\.m2\repository\org\bytedeco\libfreenect\0.5.7-1.5.8\libfreenect-0.5.7-1.5.8-windows-x86.jar;C:\Users\User\.m2\repository\org\bytedeco\libfreenect\0.5.7-1.5.8\libfreenect-0.5.7-1.5.8-windows-x86_64.jar;C:\Users\User\.m2\repository\org\bytedeco\libfreenect2-platform\0.2.0-1.5.8\libfreenect2-platform-0.2.0-1.5.8.jar;C:\Users\User\.m2\repository\org\bytedeco\libfreenect2\0.2.0-1.5.8\libfreenect2-0.2.0-1.5.8-linux-x86.jar;C:\Users\User\.m2\repository\org\bytedeco\libfreenect2\0.2.0-1.5.8\libfreenect2-0.2.0-1.5.8-linux-x86_64.jar;C:\Users\User\.m2\repository\org\bytedeco\libfreenect2\0.2.0-1.5.8\libfreenect2-0.2.0-1.5.8-macosx-x86_64.jar;C:\Users\User\.m2\repository\org\bytedeco\libfreenect2\0.2.0-1.5.8\libfreenect2-0.2.0-1.5.8-windows-x86_64.jar;C:\Users\User\.m2\repository\org\bytedeco\librealsense-platform\1.12.4-1.5.8\librealsense-platform-1.12.4-1.5.8.jar;C:\Users\User\.m2\repository\org\bytedeco\librealsense\1.12.4-1.5.8\librealsense-1.12.4-1.5.8-linux-armhf.jar;C:\Users\User\.m2\repository\org\bytedeco\librealsense\1.12.4-1.5.8\librealsense-1.12.4-1.5.8-linux-arm64.jar;C:\Users\User\.m2\repository\org\bytedeco\librealsense\1.12.4-1.5.8\librealsense-1.12.4-1.5.8-linux-x86.jar;C:\Users\User\.m2\repository\org\bytedeco\librealsense\1.12.4-1.5.8\librealsense-1.12.4-1.5.8-linux-x86_64.jar;C:\Users\User\.m2\repository\org\bytedeco\librealsense\1.12.4-1.5.8\librealsense-1.12.4-1.5.8-macosx-x86_64.jar;C:\Users\User\.m2\repository\org\bytedeco\librealsense\1.12.4-1.5.8\librealsense-1.12.4-1.5.8-windows-x86.jar;C:\Users\User\.m2\repository\org\bytedeco\librealsense\1.12.4-1.5.8\librealsense-1.12.4-1.5.8-windows-x86_64.jar;C:\Users\User\.m2\repository\org\bytedeco\librealsense2-platform\2.50.0-1.5.8\librealsense2-platform-2.50.0-1.5.8.jar;C:\Users\User\.m2\repository\org\bytedeco\librealsense2\2.50.0-1.5.8\librealsense2-2.50.0-1.5.8-linux-armhf.jar;C:\Users\User\.m2\repository\org\bytedeco\librealsense2\2.50.0-1.5.8\librealsense2-2.50.0-1.5.8-linux-arm64.jar;C:\Users\User\.m2\repository\org\bytedeco\librealsense2\2.50.0-1.5.8\librealsense2-2.50.0-1.5.8-linux-x86.jar;C:\Users\User\.m2\repository\org\bytedeco\librealsense2\2.50.0-1.5.8\librealsense2-2.50.0-1.5.8-linux-x86_64.jar;C:\Users\User\.m2\repository\org\bytedeco\librealsense2\2.50.0-1.5.8\librealsense2-2.50.0-1.5.8-macosx-x86_64.jar;C:\Users\User\.m2\repository\org\bytedeco\librealsense2\2.50.0-1.5.8\librealsense2-2.50.0-1.5.8-windows-x86.jar;C:\Users\User\.m2\repository\org\bytedeco\librealsense2\2.50.0-1.5.8\librealsense2-2.50.0-1.5.8-windows-x86_64.jar;C:\Users\User\.m2\repository\org\bytedeco\videoinput-platform\0.200-1.5.8\videoinput-platform-0.200-1.5.8.jar;C:\Users\User\.m2\repository\org\bytedeco\videoinput\0.200-1.5.8\videoinput-0.200-1.5.8-windows-x86.jar;C:\Users\User\.m2\repository\org\bytedeco\videoinput\0.200-1.5.8\videoinput-0.200-1.5.8-windows-x86_64.jar;C:\Users\User\.m2\repository\org\bytedeco\artoolkitplus-platform\2.3.1-1.5.8\artoolkitplus-platform-2.3.1-1.5.8.jar;C:\Users\User\.m2\repository\org\bytedeco\artoolkitplus\2.3.1-1.5.8\artoolkitplus-2.3.1-1.5.8-android-arm.jar;C:\Users\User\.m2\repository\org\bytedeco\artoolkitplus\2.3.1-1.5.8\artoolkitplus-2.3.1-1.5.8-android-arm64.jar;C:\Users\User\.m2\repository\org\bytedeco\artoolkitplus\2.3.1-1.5.8\artoolkitplus-2.3.1-1.5.8-android-x86.jar;C:\Users\User\.m2\repository\org\bytedeco\artoolkitplus\2.3.1-1.5.8\artoolkitplus-2.3.1-1.5.8-android-x86_64.jar;C:\Users\User\.m2\repository\org\bytedeco\artoolkitplus\2.3.1-1.5.8\artoolkitplus-2.3.1-1.5.8-linux-x86.jar;C:\Users\User\.m2\repository\org\bytedeco\artoolkitplus\2.3.1-1.5.8\artoolkitplus-2.3.1-1.5.8-linux-x86_64.jar;C:\Users\User\.m2\repository\org\bytedeco\artoolkitplus\2.3.1-1.5.8\artoolkitplus-2.3.1-1.5.8-linux-armhf.jar;C:\Users\User\.m2\repository\org\bytedeco\artoolkitplus\2.3.1-1.5.8\artoolkitplus-2.3.1-1.5.8-linux-arm64.jar;C:\Users\User\.m2\repository\org\bytedeco\artoolkitplus\2.3.1-1.5.8\artoolkitplus-2.3.1-1.5.8-linux-ppc64le.jar;C:\Users\User\.m2\repository\org\bytedeco\artoolkitplus\2.3.1-1.5.8\artoolkitplus-2.3.1-1.5.8-macosx-x86_64.jar;C:\Users\User\.m2\repository\org\bytedeco\artoolkitplus\2.3.1-1.5.8\artoolkitplus-2.3.1-1.5.8-windows-x86.jar;C:\Users\User\.m2\repository\org\bytedeco\artoolkitplus\2.3.1-1.5.8\artoolkitplus-2.3.1-1.5.8-windows-x86_64.jar;C:\Users\User\.m2\repository\org\bytedeco\flandmark-platform\1.07-1.5.8\flandmark-platform-1.07-1.5.8.jar;C:\Users\User\.m2\repository\org\bytedeco\flandmark\1.07-1.5.8\flandmark-1.07-1.5.8-android-arm.jar;C:\Users\User\.m2\repository\org\bytedeco\flandmark\1.07-1.5.8\flandmark-1.07-1.5.8-android-arm64.jar;C:\Users\User\.m2\repository\org\bytedeco\flandmark\1.07-1.5.8\flandmark-1.07-1.5.8-android-x86.jar;C:\Users\User\.m2\repository\org\bytedeco\flandmark\1.07-1.5.8\flandmark-1.07-1.5.8-android-x86_64.jar;C:\Users\User\.m2\repository\org\bytedeco\flandmark\1.07-1.5.8\flandmark-1.07-1.5.8-linux-x86.jar;C:\Users\User\.m2\repository\org\bytedeco\flandmark\1.07-1.5.8\flandmark-1.07-1.5.8-linux-x86_64.jar;C:\Users\User\.m2\repository\org\bytedeco\flandmark\1.07-1.5.8\flandmark-1.07-1.5.8-linux-armhf.jar;C:\Users\User\.m2\repository\org\bytedeco\flandmark\1.07-1.5.8\flandmark-1.07-1.5.8-linux-arm64.jar;C:\Users\User\.m2\repository\org\bytedeco\flandmark\1.07-1.5.8\flandmark-1.07-1.5.8-linux-ppc64le.jar;C:\Users\User\.m2\repository\org\bytedeco\flandmark\1.07-1.5.8\flandmark-1.07-1.5.8-macosx-x86_64.jar;C:\Users\User\.m2\repository\org\bytedeco\flandmark\1.07-1.5.8\flandmark-1.07-1.5.8-windows-x86.jar;C:\Users\User\.m2\repository\org\bytedeco\flandmark\1.07-1.5.8\flandmark-1.07-1.5.8-windows-x86_64.jar;C:\Users\User\.m2\repository\org\bytedeco\leptonica-platform\1.82.0-1.5.8\leptonica-platform-1.82.0-1.5.8.jar;C:\Users\User\.m2\repository\org\bytedeco\leptonica\1.82.0-1.5.8\leptonica-1.82.0-1.5.8-android-arm.jar;C:\Users\User\.m2\repository\org\bytedeco\leptonica\1.82.0-1.5.8\leptonica-1.82.0-1.5.8-android-arm64.jar;C:\Users\User\.m2\repository\org\bytedeco\leptonica\1.82.0-1.5.8\leptonica-1.82.0-1.5.8-android-x86.jar;C:\Users\User\.m2\repository\org\bytedeco\leptonica\1.82.0-1.5.8\leptonica-1.82.0-1.5.8-android-x86_64.jar;C:\Users\User\.m2\repository\org\bytedeco\leptonica\1.82.0-1.5.8\leptonica-1.82.0-1.5.8-linux-x86.jar;C:\Users\User\.m2\repository\org\bytedeco\leptonica\1.82.0-1.5.8\leptonica-1.82.0-1.5.8-linux-x86_64.jar;C:\Users\User\.m2\repository\org\bytedeco\leptonica\1.82.0-1.5.8\leptonica-1.82.0-1.5.8-linux-armhf.jar;C:\Users\User\.m2\repository\org\bytedeco\leptonica\1.82.0-1.5.8\leptonica-1.82.0-1.5.8-linux-arm64.jar;C:\Users\User\.m2\repository\org\bytedeco\leptonica\1.82.0-1.5.8\leptonica-1.82.0-1.5.8-linux-ppc64le.jar;C:\Users\User\.m2\repository\org\bytedeco\leptonica\1.82.0-1.5.8\leptonica-1.82.0-1.5.8-macosx-arm64.jar;C:\Users\User\.m2\repository\org\bytedeco\leptonica\1.82.0-1.5.8\leptonica-1.82.0-1.5.8-macosx-x86_64.jar;C:\Users\User\.m2\repository\org\bytedeco\leptonica\1.82.0-1.5.8\leptonica-1.82.0-1.5.8-windows-x86.jar;C:\Users\User\.m2\repository\org\bytedeco\leptonica\1.82.0-1.5.8\leptonica-1.82.0-1.5.8-windows-x86_64.jar;C:\Users\User\.m2\repository\org\bytedeco\tesseract-platform\5.2.0-1.5.8\tesseract-platform-5.2.0-1.5.8.jar;C:\Users\User\.m2\repository\org\bytedeco\tesseract\5.2.0-1.5.8\tesseract-5.2.0-1.5.8-android-arm.jar;C:\Users\User\.m2\repository\org\bytedeco\tesseract\5.2.0-1.5.8\tesseract-5.2.0-1.5.8-android-arm64.jar;C:\Users\User\.m2\repository\org\bytedeco\tesseract\5.2.0-1.5.8\tesseract-5.2.0-1.5.8-android-x86.jar;C:\Users\User\.m2\repository\org\bytedeco\tesseract\5.2.0-1.5.8\tesseract-5.2.0-1.5.8-android-x86_64.jar;C:\Users\User\.m2\repository\org\bytedeco\tesseract\5.2.0-1.5.8\tesseract-5.2.0-1.5.8-linux-x86.jar;C:\Users\User\.m2\repository\org\bytedeco\tesseract\5.2.0-1.5.8\tesseract-5.2.0-1.5.8-linux-x86_64.jar;C:\Users\User\.m2\repository\org\bytedeco\tesseract\5.2.0-1.5.8\tesseract-5.2.0-1.5.8-linux-armhf.jar;C:\Users\User\.m2\repository\org\bytedeco\tesseract\5.2.0-1.5.8\tesseract-5.2.0-1.5.8-linux-arm64.jar;C:\Users\User\.m2\repository\org\bytedeco\tesseract\5.2.0-1.5.8\tesseract-5.2.0-1.5.8-linux-ppc64le.jar;C:\Users\User\.m2\repository\org\bytedeco\tesseract\5.2.0-1.5.8\tesseract-5.2.0-1.5.8-macosx-arm64.jar;C:\Users\User\.m2\repository\org\bytedeco\tesseract\5.2.0-1.5.8\tesseract-5.2.0-1.5.8-macosx-x86_64.jar;C:\Users\User\.m2\repository\org\bytedeco\tesseract\5.2.0-1.5.8\tesseract-5.2.0-1.5.8-windows-x86.jar;C:\Users\User\.m2\repository\org\bytedeco\tesseract\5.2.0-1.5.8\tesseract-5.2.0-1.5.8-windows-x86_64.jar;"/>
    <property name="sun.cpu.endian" value="little"/>
    <property name="user.home" value="C:\Users\User"/>
    <property name="user.language" value="en"/>
    <property name="java.specification.vendor" value="Oracle Corporation"/>
    <property name="java.version.date" value="2022-10-18"/>
    <property name="java.home" value="C:\Program Files\Java\jdk-19"/>
    <property name="file.separator" value="\"/>
    <property name="basedir" value="C:\Users\User\Documents\the jaka\good-apple!!!"/>
    <property name="java.vm.compressedOopsMode" value="32-bit"/>
    <property name="line.separator" value="&#10;"/>
    <property name="java.vm.specification.vendor" value="Oracle Corporation"/>
    <property name="java.specification.name" value="Java Platform API Specification"/>
    <property name="surefire.real.class.path" value="C:\Users\User\AppData\Local\Temp\surefire6244330212846036448\surefirebooter15062749235427326188.jar"/>
    <property name="user.script" value=""/>
    <property name="sun.management.compiler" value="HotSpot 64-Bit Tiered Compilers"/>
    <property name="java.runtime.version" value="19.0.1+10-21"/>
    <property name="user.name" value="User"/>
    <property name="stdout.encoding" value="Cp1252"/>
    <property name="path.separator" value=";"/>
    <property name="os.version" value="10.0"/>
    <property name="java.runtime.name" value="Java(TM) SE Runtime Environment"/>
    <property name="file.encoding" value="UTF-8"/>
    <property name="java.vm.name" value="Java HotSpot(TM) 64-Bit Server VM"/>
    <property name="localRepository" value="C:\Users\User\.m2\repository"/>
    <property name="java.vendor.url.bug" value="https://bugreport.java.com/bugreport/"/>
    <property name="java.io.tmpdir" value="C:\Users\User\AppData\Local\Temp\"/>
    <property name="java.version" value="19.0.1"/>
    <property name="user.dir" value="C:\Users\User\Documents\the jaka\good-apple!!!"/>
    <property name="os.arch" value="amd64"/>
    <property name="java.vm.specification.name" value="Java Virtual Machine Specification"/>
    <property name="sun.os.patch.level" value=""/>
    <property name="native.encoding" value="Cp1252"/>
    <property name="java.library.path" value="C:\Program Files\Java\jdk-19\bin;C:\Windows\Sun\Java\bin;C:\Windows\system32;C:\Windows;C:\Program Files\Common Files\Oracle\Java\javapath;C:\Program Files\National Instruments\Shared\OpenVINO\;C:\Windows\system32;C:\Windows;C:\Windows\System32\Wbem;C:\Windows\System32\WindowsPowerShell\v1.0\;C:\Windows\System32\OpenSSH\;C:\Program Files (x86)\Windows Kits\10\Windows Performance Toolkit\;C:\Program Files\Git\cmd;C:\Program Files\nodejs\;C:\Users\User\.cargo\bin;C:\Users\User\AppData\Local\Microsoft\WindowsApps;C:\Users\User\AppData\Local\Programs\Microsoft VS Code\bin;C:\Users\User\AppData\Roaming\npm;C:\Users\User\Downloads\chrome-win\chrome.exe;C:\Users\User\Downloads\apache-maven-3.8.6-bin\apache-maven-3.8.6\bin;C:\Users\User\Downloads\ffmpeg-2022-11-03-git-5ccd4d3060-full_build\bin;;."/>
    <property name="java.vm.info" value="mixed mode, sharing"/>
    <property name="stderr.encoding" value="Cp1252"/>
    <property name="java.vendor" value="Oracle Corporation"/>
    <property name="java.vm.version" value="19.0.1+10-21"/>
    <property name="sun.io.unicode.encoding" value="UnicodeLittle"/>
    <property name="java.class.version" value="63.0"/>
  </properties>
  <testcase name="shouldAnswerWithTrue" classname="com.zalander.app.AppTest" time="0.003"/>
</testsuite>